#
# An unexpected error has been detected by Java Runtime Environment:
#
#  Internal Error (4F533F57494E13123F414D4416140E4350500031), pid=256, tid=2620
#
# Java VM: Java HotSpot(TM) 64-Bit Server VM (1.6.0-b105 mixed mode)
# If you would like to submit a bug report, please visit:
#   http://java.sun.com/webapps/bugreport/crash.jsp
#

---------------  T H R E A D  ---------------

Current thread (0x0000000004226c00):  JavaThread "AWT-EventQueue-0" [_thread_in_vm, id=2620]

Stack: [0x0000000011de0000,0x0000000011e60000)
Java frames: (J=compiled Java code, j=interpreted, Vv=VM code)
v  ~RuntimeStub::_new_typeArray_Java
J  javax.swing.text.Segment.toString()Ljava/lang/String;
j  com.mathworks.mlwidgets.tabcompletion.TabCompletionView.maybeFixUpTokenBoundary(I)V+57
j  com.mathworks.mlwidgets.tabcompletion.TabCompletionView.showPopup([Ljava/lang/String;I)V+430
j  com.mathworks.mlwidgets.tabcompletion.TabCompletionAction$GetStringsObserver$1.run()V+24
J  java.awt.event.InvocationEvent.dispatch()V
J  java.awt.EventDispatchThread.pumpOneEventForFilters(I)Z
J  java.awt.EventDispatchThread.pumpEventsForFilter(ILjava/awt/Conditional;Ljava/awt/EventFilter;)V
j  java.awt.EventDispatchThread.pumpEventsForHierarchy(ILjava/awt/Conditional;Ljava/awt/Component;)V+11
j  java.awt.EventDispatchThread.pumpEvents(ILjava/awt/Conditional;)V+4
j  java.awt.EventDispatchThread.pumpEvents(Ljava/awt/Conditional;)V+3
j  java.awt.EventDispatchThread.run()V+9
v  ~StubRoutines::call_stub

---------------  P R O C E S S  ---------------

Java Threads: ( => current thread )
  0x000000001d468400 JavaThread "Thread-71" [_thread_blocked, id=548]
  0x000000001d46a800 JavaThread "Thread-69" [_thread_blocked, id=3044]
  0x000000001d466800 JavaThread "Thread-66" [_thread_blocked, id=1420]
  0x00000000279e9800 JavaThread "Thread-47" [_thread_blocked, id=1196]
  0x000000001d46b800 JavaThread "Thread-33" [_thread_blocked, id=2236]
  0x000000001d469400 JavaThread "Thread-28" [_thread_blocked, id=1304]
  0x000000001d46a000 JavaThread "Thread-26" [_thread_blocked, id=2832]
  0x000000001d467800 JavaThread "Active Reference Queue Daemon" daemon [_thread_blocked, id=488]
  0x000000001d464400 JavaThread "Timer-3" daemon [_thread_blocked, id=2448]
  0x000000001d467000 JavaThread "Prefs Updater" [_thread_blocked, id=1120]
  0x000000001d465c00 JavaThread "Timer-1" daemon [_thread_blocked, id=3040]
  0x000000001d464000 JavaThread "TimerQueue" daemon [_thread_blocked, id=2808]
=>0x0000000004226c00 JavaThread "AWT-EventQueue-0" [_thread_in_vm, id=2620]
  0x0000000004226400 JavaThread "AWT-Shutdown" [_thread_blocked, id=1772]
  0x0000000004224800 JavaThread "Timer-0" [_thread_blocked, id=2776]
  0x0000000004224000 JavaThread "AWT-Windows" daemon [_thread_in_native, id=2836]
  0x0000000004223400 JavaThread "Java2D Disposer" daemon [_thread_blocked, id=1464]
  0x0000000004222c00 JavaThread "Low Memory Detector" daemon [_thread_blocked, id=2456]
  0x0000000004222400 JavaThread "CompilerThread1" daemon [_thread_blocked, id=2512]
  0x0000000004222000 JavaThread "CompilerThread0" daemon [_thread_blocked, id=2224]
  0x0000000004221800 JavaThread "Attach Listener" daemon [_thread_blocked, id=2348]
  0x0000000004221000 JavaThread "Signal Dispatcher" daemon [_thread_blocked, id=1988]
  0x0000000004220800 JavaThread "Finalizer" daemon [_thread_blocked, id=2844]
  0x0000000004220400 JavaThread "Reference Handler" daemon [_thread_blocked, id=628]
  0x000000000421fc00 JavaThread "main" [_thread_in_native, id=2076]

Other Threads:
  0x000000000425f800 VMThread [id=1684]
  0x000000000425fc00 WatcherThread [id=2984]

VM state:not at safepoint (normal execution)

VM Mutex/Monitor currently owned by a thread: None

Heap
 PSYoungGen      total 1242048K, used 938164K [0x00000002a1600000, 0x00000002fbd40000, 0x00000002ff200000)
  eden space 985152K, 95% used [0x00000002a1600000,0x00000002da9d49e0,0x00000002dd810000)
  from space 256896K, 0% used [0x00000002ec260000,0x00000002ec2b8968,0x00000002fbd40000)
  to   space 239936K, 0% used [0x00000002dd810000,0x00000002dd810000,0x00000002ec260000)
 PSOldGen        total 1963328K, used 955973K [0x0000000188200000, 0x00000001fff50000, 0x00000002a1600000)
  object space 1963328K, 48% used [0x0000000188200000,0x00000001c27916b8,0x00000001fff50000)
 PSPermGen       total 44288K, used 43139K [0x0000000180200000, 0x0000000182d40000, 0x0000000188200000)
  object space 44288K, 97% used [0x0000000180200000,0x0000000182c20d90,0x0000000182d40000)

Dynamic libraries:
0x0000000140000000 - 0x00000001400ed000 	C:\Program Files\MATLAB\R2007b\bin\win64\MATLAB.exe
0x0000000077ec0000 - 0x0000000077ffc000 	C:\WINDOWS\system32\ntdll.dll
0x0000000077d40000 - 0x0000000077eb3000 	C:\WINDOWS\system32\kernel32.dll
0x0000000180000000 - 0x00000001801fb000 	C:\Program Files\MATLAB\R2007b\bin\win64\libmwservices.dll
0x0000000001350000 - 0x00000000013af000 	C:\Program Files\MATLAB\R2007b\bin\win64\libmwmathutil.dll
0x00000000013c0000 - 0x000000000142b000 	C:\Program Files\MATLAB\R2007b\bin\win64\libmx.dll
0x0000000001440000 - 0x0000000001845000 	C:\Program Files\MATLAB\R2007b\bin\win64\libut.dll
0x000007ff7e470000 - 0x000007ff7e485000 	C:\WINDOWS\system32\imagehlp.dll
0x000007ff7fc00000 - 0x000007ff7fc86000 	C:\WINDOWS\system32\msvcrt.dll
0x000007ff7fee0000 - 0x000007ff7ffe6000 	C:\WINDOWS\system32\ADVAPI32.dll
0x000007ff7fd30000 - 0x000007ff7fed0000 	C:\WINDOWS\system32\RPCRT4.dll
0x000007ff7e9c0000 - 0x000007ff7e9e2000 	C:\WINDOWS\system32\Secur32.dll
0x000007ff7e380000 - 0x000007ff7e390000 	C:\WINDOWS\system32\PSAPI.DLL
0x0000000012000000 - 0x0000000012292000 	C:\Program Files\MATLAB\R2007b\bin\win64\xerces-c_2_7.dll
0x000000004a800000 - 0x000000004a920000 	C:\Program Files\MATLAB\R2007b\bin\win64\icuuc36.dll
0x0000000010000000 - 0x0000000010003000 	C:\Program Files\MATLAB\R2007b\bin\win64\icudt36.dll
0x0000000078130000 - 0x00000000781f9000 	C:\WINDOWS\WinSxS\amd64_Microsoft.VC80.CRT_1fc8b3b9a1e18e3b_8.0.50727.6195_x-ww_76301166\MSVCR80.dll
0x000007ff77310000 - 0x000007ff77340000 	C:\WINDOWS\system32\WS2_32.dll
0x000007ff77140000 - 0x000007ff7714c000 	C:\WINDOWS\system32\WS2HELP.dll
0x0000000001890000 - 0x00000000019a2000 	C:\Program Files\MATLAB\R2007b\bin\win64\icuin36.dll
0x000000004ab00000 - 0x000000004ab11000 	C:\Program Files\MATLAB\R2007b\bin\win64\icuio36.dll
0x000000007c420000 - 0x000000007c529000 	C:\WINDOWS\WinSxS\amd64_Microsoft.VC80.CRT_1fc8b3b9a1e18e3b_8.0.50727.6195_x-ww_76301166\MSVCP80.dll
0x0000000077c20000 - 0x0000000077d2c000 	C:\WINDOWS\system32\USER32.dll
0x000007ff7fc90000 - 0x000007ff7fd2c000 	C:\WINDOWS\system32\GDI32.dll
0x00000000019d0000 - 0x00000000019e7000 	C:\Program Files\MATLAB\R2007b\bin\win64\zlib1.dll
0x00000000019f0000 - 0x0000000001a44000 	C:\Program Files\MATLAB\R2007b\bin\win64\mpath.dll
0x000007ff76200000 - 0x000007ff762ef000 	C:\WINDOWS\WinSxS\amd64_Microsoft.Windows.Common-Controls_6595b64144ccf1df_5.82.3790.4770_x-ww_D89390E2\COMCTL32.dll
0x000007ff7d540000 - 0x000007ff7d5b7000 	C:\WINDOWS\system32\comdlg32.dll
0x000007ff7ef60000 - 0x000007ff7effb000 	C:\WINDOWS\system32\SHLWAPI.dll
0x000007ff7f190000 - 0x000007ff7fb9c000 	C:\WINDOWS\system32\SHELL32.dll
0x000007ff77370000 - 0x000007ff77409000 	C:\WINDOWS\system32\NETAPI32.dll
0x0000000001a60000 - 0x0000000001aaf000 	C:\Program Files\MATLAB\R2007b\bin\win64\mcr.dll
0x0000000001ac0000 - 0x0000000001ade000 	C:\Program Files\MATLAB\R2007b\bin\win64\bridge.dll
0x0000000001af0000 - 0x0000000001b00000 	C:\Program Files\MATLAB\R2007b\bin\win64\iqm.dll
0x0000000001b10000 - 0x0000000001b21000 	C:\Program Files\MATLAB\R2007b\bin\win64\libmex.dll
0x0000000001b40000 - 0x0000000001bc4000 	C:\Program Files\MATLAB\R2007b\bin\win64\m_dispatcher.dll
0x0000000001be0000 - 0x0000000001c05000 	C:\Program Files\MATLAB\R2007b\bin\win64\datasvcs.dll
0x0000000001c20000 - 0x000000000244e000 	C:\Program Files\MATLAB\R2007b\bin\win64\m_interpreter.dll
0x000007ff724e0000 - 0x000007ff7261e000 	C:\WINDOWS\system32\dbghelp.dll
0x000007ff7fbf0000 - 0x000007ff7fbfb000 	C:\WINDOWS\system32\VERSION.dll
0x0000000002460000 - 0x0000000002490000 	C:\Program Files\MATLAB\R2007b\bin\win64\libmat.dll
0x00000000024a0000 - 0x00000000025b2000 	C:\Program Files\MATLAB\R2007b\bin\win64\libhdf5.dll
0x00000000025c0000 - 0x00000000025cb000 	C:\Program Files\MATLAB\R2007b\bin\win64\libmwmathrng.dll
0x00000000025e0000 - 0x0000000002628000 	C:\Program Files\MATLAB\R2007b\bin\win64\m_ir.dll
0x0000000002640000 - 0x0000000002bf8000 	C:\Program Files\MATLAB\R2007b\bin\win64\m_parser.dll
0x0000000002c10000 - 0x0000000002c20000 	C:\Program Files\MATLAB\R2007b\bin\win64\ir_xfmr.dll
0x0000000002c30000 - 0x0000000002de6000 	C:\Program Files\MATLAB\R2007b\bin\win64\mcos.dll
0x0000000002e00000 - 0x0000000002e0c000 	C:\Program Files\MATLAB\R2007b\bin\win64\mtok.dll
0x0000000002e20000 - 0x0000000002e40000 	C:\Program Files\MATLAB\R2007b\bin\win64\m_pcodegen.dll
0x0000000002e50000 - 0x0000000002e6b000 	C:\Program Files\MATLAB\R2007b\bin\win64\m_pcodeio.dll
0x0000000002e80000 - 0x0000000002eec000 	C:\Program Files\MATLAB\R2007b\bin\win64\profiler.dll
0x0000000002f00000 - 0x0000000002f12000 	C:\Program Files\MATLAB\R2007b\bin\win64\boost_thread-vc80-mt-1_33_1.dll
0x0000000002f30000 - 0x0000000002ff0000 	C:\Program Files\MATLAB\R2007b\bin\win64\udd.dll
0x0000000003000000 - 0x000000000306b000 	C:\Program Files\MATLAB\R2007b\bin\win64\comcli.dll
0x0000000003080000 - 0x00000000030d2000 	C:\Program Files\MATLAB\R2007b\bin\win64\jmi.dll
0x000007ff770f0000 - 0x000007ff770fa000 	C:\WINDOWS\system32\WSOCK32.dll
0x00000000030f0000 - 0x000000000319f000 	C:\Program Files\MATLAB\R2007b\bin\win64\uiw.dll
0x00000000031b0000 - 0x00000000032c6000 	C:\Program Files\MATLAB\R2007b\bin\win64\libmwgui.dll
0x00000000032e0000 - 0x000000000331e000 	C:\Program Files\MATLAB\R2007b\bin\win64\libmwhardcopy.dll
0x0000000003330000 - 0x0000000003381000 	C:\Program Files\MATLAB\R2007b\bin\win64\libuij.dll
0x00000000033a0000 - 0x00000000033aa000 	C:\Program Files\MATLAB\R2007b\bin\win64\uinone.dll
0x00000000033c0000 - 0x000000000355c000 	C:\WINDOWS\WinSxS\amd64_Microsoft.VC80.MFC_1fc8b3b9a1e18e3b_8.0.50727.6195_x-ww_4716846B\MFC80.DLL
0x000007ff78f10000 - 0x000007ff78f51000 	C:\WINDOWS\system32\WINSPOOL.DRV
0x000007ff57140000 - 0x000007ff573c5000 	C:\WINDOWS\system32\ole32.dll
0x000007ff7ebc0000 - 0x000007ff7ecd6000 	C:\WINDOWS\system32\OLEAUT32.dll
0x000000007c630000 - 0x000000007c650000 	C:\WINDOWS\WinSxS\amd64_Microsoft.VC80.ATL_1fc8b3b9a1e18e3b_8.0.50727.6195_x-ww_D6CFFEDA\ATL80.DLL
0x0000000003560000 - 0x0000000003770000 	C:\Program Files\MATLAB\R2007b\bin\win64\hg.dll
0x0000000003780000 - 0x00000000039f9000 	C:\Program Files\MATLAB\R2007b\bin\win64\numerics.dll
0x0000000003a10000 - 0x0000000003a1c000 	C:\Program Files\MATLAB\R2007b\bin\win64\libmwamd.dll
0x0000000003a20000 - 0x0000000003ab1000 	C:\Program Files\MATLAB\R2007b\bin\win64\libmwcholmod.dll
0x0000000003ac0000 - 0x0000000003acb000 	C:\Program Files\MATLAB\R2007b\bin\win64\libmwcolamd.dll
0x0000000003ad0000 - 0x0000000003aee000 	C:\Program Files\MATLAB\R2007b\bin\win64\libmwlapack.dll
0x0000000003b00000 - 0x0000000003b10000 	C:\Program Files\MATLAB\R2007b\bin\win64\libmwbinder.dll
0x0000000003b20000 - 0x0000000003b2c000 	C:\Program Files\MATLAB\R2007b\bin\win64\libmwblas.dll
0x0000000003b40000 - 0x0000000003b48000 	C:\Program Files\MATLAB\R2007b\bin\win64\libmwcsparse.dll
0x0000000003b50000 - 0x0000000003b7d000 	C:\Program Files\MATLAB\R2007b\bin\win64\libmwma57.dll
0x0000000003b80000 - 0x0000000003c4c000 	C:\Program Files\MATLAB\R2007b\bin\win64\libifcoremd.dll
0x0000000003c50000 - 0x0000000003e6a000 	C:\Program Files\MATLAB\R2007b\bin\win64\libmmd.dll
0x0000000003e70000 - 0x0000000003f39000 	C:\Program Files\MATLAB\R2007b\bin\win64\libmwumfpack.dll
0x0000000003f40000 - 0x0000000003fe6000 	C:\Program Files\MATLAB\R2007b\bin\win64\libfftw3.dll
0x0000000004000000 - 0x00000000040a1000 	C:\Program Files\MATLAB\R2007b\bin\win64\libfftw3f.dll
0x00000000040c0000 - 0x00000000040ce000 	C:\Program Files\MATLAB\R2007b\bin\win64\mlautoregister.dll
0x00000000040e0000 - 0x00000000040f7000 	C:\Program Files\MATLAB\R2007b\bin\win64\mwoles05.DLL
0x0000000004110000 - 0x000000000419f000 	C:\Program Files\MATLAB\R2007b\bin\win64\udd_mi.dll
0x000007ff7f000000 - 0x000007ff7f187000 	C:\WINDOWS\WinSxS\amd64_Microsoft.Windows.Common-Controls_6595b64144ccf1df_6.0.3790.4770_x-ww_3807D667\comctl32.dll
0x000000005d360000 - 0x000000005d36d000 	C:\WINDOWS\WinSxS\amd64_Microsoft.VC80.MFCLOC_1fc8b3b9a1e18e3b_8.0.50727.6195_x-ww_9C659D69\MFC80ENU.DLL
0x0000000008380000 - 0x0000000008927000 	C:\Program Files\MATLAB\R2007b\bin\win64\mllapack.dll
0x0000000008930000 - 0x00000000090b2000 	C:\Program Files\MATLAB\R2007b\bin\win64\mkl.dll
0x00000000072c0000 - 0x0000000007305000 	C:\Program Files\MATLAB\R2007b\bin\win64\libguide40.dll
0x0000000007330000 - 0x0000000007336000 	C:\Program Files\MATLAB\R2007b\bin\win64\mklcompat.dll
0x000007ff7a410000 - 0x000007ff7a4af000 	C:\WINDOWS\system32\MSCTF.dll
0x000007ff799e0000 - 0x000007ff799e4000 	C:\WINDOWS\system32\icmp.Dll
0x000007ff57040000 - 0x000007ff57071000 	C:\WINDOWS\system32\iphlpapi.dll
0x000000000b340000 - 0x000000000b891000 	C:\Program Files\MATLAB\R2007b\sys\java\jre\win64\jre1.6.0\bin\server\jvm.dll
0x000007ff7e240000 - 0x000007ff7e290000 	C:\WINDOWS\system32\WINMM.dll
0x000007ff77100000 - 0x000007ff7710b000 	C:\WINDOWS\system32\rdpsnd.dll
0x000007ff7d4d0000 - 0x000007ff7d4ea000 	C:\WINDOWS\system32\WINSTA.dll
0x000000000b8d0000 - 0x000000000b8da000 	C:\Program Files\MATLAB\R2007b\sys\java\jre\win64\jre1.6.0\bin\hpi.dll
0x000000000b8f0000 - 0x000000000b8fe000 	C:\Program Files\MATLAB\R2007b\sys\java\jre\win64\jre1.6.0\bin\verify.dll
0x000000000b900000 - 0x000000000b927000 	C:\Program Files\MATLAB\R2007b\sys\java\jre\win64\jre1.6.0\bin\java.dll
0x000000000b930000 - 0x000000000b942000 	C:\Program Files\MATLAB\R2007b\sys\java\jre\win64\jre1.6.0\bin\zip.dll
0x0000000011810000 - 0x0000000011a60000 	C:\Program Files\MATLAB\R2007b\sys\java\jre\win64\jre1.6.0\bin\awt.dll
0x000007ff7d500000 - 0x000007ff7d539000 	C:\WINDOWS\system32\IMM32.dll
0x000000000ffa0000 - 0x000000000ffb6000 	C:\Program Files\MATLAB\R2007b\bin\win64\nativejava.dll
0x000000000ffd0000 - 0x000000000ffe6000 	C:\Program Files\MATLAB\R2007b\bin\win64\nativejmi.dll
0x0000000011ae0000 - 0x0000000011ae7000 	C:\Program Files\MATLAB\R2007b\bin\win64\nativeservices.dll
0x0000000011c60000 - 0x0000000011cc9000 	C:\Program Files\MATLAB\R2007b\sys\java\jre\win64\jre1.6.0\bin\fontmanager.dll
0x0000000011b10000 - 0x0000000011b27000 	C:\Program Files\MATLAB\R2007b\sys\java\jre\win64\jre1.6.0\bin\net.dll
0x0000000011b30000 - 0x0000000011b3b000 	C:\Program Files\MATLAB\R2007b\sys\java\jre\win64\jre1.6.0\bin\nio.dll
0x0000000011f70000 - 0x0000000011f77000 	C:\Program Files\MATLAB\R2007b\bin\win64\nativelex.dll
0x0000000011f90000 - 0x0000000011f9d000 	C:\Program Files\MATLAB\R2007b\bin\win64\nativecmdwin.dll
0x0000000011fb0000 - 0x0000000011fd8000 	C:\Program Files\MATLAB\R2007b\sys\java\jre\win64\jre1.6.0\bin\dcpr.dll
0x000000001f3a0000 - 0x000000001f511000 	C:\Program Files\MATLAB\R2007b\bin\win64\libmwbuiltins.dll
0x000007ff7ce50000 - 0x000007ff7ce91000 	C:\WINDOWS\system32\apphelp.dll
0x000007ff7ea10000 - 0x000007ff7eaee000 	C:\WINDOWS\system32\CLBCatQ.DLL
0x000007ff7eaf0000 - 0x000007ff7ebb6000 	C:\WINDOWS\system32\COMRes.dll
0x0000000020760000 - 0x0000000020776000 	C:\Program Files\Common Files\TortoiseOverlays\TortoiseOverlays.dll
0x0000000020890000 - 0x00000000208a0000 	C:\Program Files\TortoiseSVN\bin\TortoiseStub.dll
0x00000000209c0000 - 0x0000000020a3b000 	C:\Program Files\TortoiseSVN\bin\TortoiseSVN.dll
0x000007ff7d200000 - 0x000007ff7d32b000 	C:\WINDOWS\system32\WININET.dll
0x000007ff7d370000 - 0x000007ff7d4cf000 	C:\WINDOWS\system32\CRYPT32.dll
0x000007ff7d340000 - 0x000007ff7d36c000 	C:\WINDOWS\system32\MSASN1.dll
0x0000000020a50000 - 0x0000000020e32000 	C:\Program Files\TortoiseSVN\bin\libsvn_tsvn.dll
0x000000006eec0000 - 0x000000006eeeb000 	C:\Program Files\TortoiseSVN\bin\libapr_tsvn.dll
0x000007ff771b0000 - 0x000007ff7722d000 	C:\WINDOWS\system32\MSWSOCK.dll
0x0000000079730000 - 0x0000000079802000 	C:\WINDOWS\system32\MSVCR100.dll
0x000000006ee60000 - 0x000000006eea1000 	C:\Program Files\TortoiseSVN\bin\libaprutil_tsvn.dll
0x000007ff7e950000 - 0x000007ff7e9b6000 	C:\WINDOWS\system32\WLDAP32.dll

VM Arguments:
jvm_args: -Xss512k -XX:PermSize=32M -Xms64m -XX:NewRatio=3 -XX:MaxPermSize=128M -Xmx196m -XX:MaxDirectMemorySize=2147400000 -Dsun.java2d.noddraw=true -Dsun.awt.nopixfmt=true -Xshare:off -Xmx6000m -Djava.library.path=C:\Program Files\MATLAB\R2007b\bin\win64 vfprintf abort
java_command: <unknown>
Launcher Type: generic

Environment Variables:
PATH=C:\WINDOWS\system32;C:\WINDOWS;C:\WINDOWS\System32\Wbem;C:\Program Files\Intel\DMIX;C:\Program Files\MATLAB\R2012a\runtime\win64;C:\Program Files\MATLAB\R2012a\bin;C:\Program Files\MATLAB\R2007b\bin;C:\Program Files\MATLAB\R2007b\bin\win64;C:\Program Files\TortoiseSVN\bin
USERNAME=lindsey
OS=Windows_NT
PROCESSOR_IDENTIFIER=EM64T Family 6 Model 15 Stepping 7, GenuineIntel



---------------  S Y S T E M  ---------------

OS: Windows Server 2003 family Build 3790 Service Pack 2

CPU:total 8 em64t ht

Memory: 4k page, physical 33553092k(29363532k free), swap 57728400k(51748624k free)

vm_info: Java HotSpot(TM) 64-Bit Server VM (1.6.0-b105) for windows-amd64, built on Nov 29 2006 00:38:01 by "java_re" with unknown MS VC++:1400

